<?xml version="1.0" encoding="UTF-8"?>
<coverage generated="1582039468225" clover="3.2.0">
  <project timestamp="1582039468225" name="All files">
    <metrics statements="57" coveredstatements="57" conditionals="23" coveredconditionals="23" methods="23" coveredmethods="21" elements="103" coveredelements="101" complexity="0" loc="57" ncloc="57" packages="1" files="1" classes="1"/>
    <file name="index.js" path="/Users/aaa/Documents/code/coding/heartmini/lib/index.js">
      <metrics statements="57" coveredstatements="57" conditionals="23" coveredconditionals="23" methods="23" coveredmethods="21"/>
      <line num="14" count="9" type="cond" truecount="2" falsecount="0"/>
      <line num="15" count="1" type="stmt"/>
      <line num="18" count="1" type="stmt"/>
      <line num="19" count="1" type="stmt"/>
      <line num="22" count="8" type="cond" truecount="4" falsecount="0"/>
      <line num="23" count="1" type="stmt"/>
      <line num="24" count="1" type="stmt"/>
      <line num="25" count="1" type="stmt"/>
      <line num="27" count="7" type="stmt"/>
      <line num="36" count="7" type="stmt"/>
      <line num="37" count="7" type="stmt"/>
      <line num="39" count="7" type="stmt"/>
      <line num="40" count="7" type="stmt"/>
      <line num="41" count="7" type="stmt"/>
      <line num="42" count="7" type="stmt"/>
      <line num="43" count="7" type="stmt"/>
      <line num="45" count="7" type="stmt"/>
      <line num="52" count="18" type="stmt"/>
      <line num="56" count="18" type="stmt"/>
      <line num="57" count="18" type="cond" truecount="2" falsecount="0"/>
      <line num="60" count="18" type="stmt"/>
      <line num="61" count="18" type="stmt"/>
      <line num="62" count="18" type="stmt"/>
      <line num="64" count="18" type="stmt"/>
      <line num="65" count="12" type="stmt"/>
      <line num="66" count="12" type="stmt"/>
      <line num="68" count="18" type="stmt"/>
      <line num="69" count="6" type="stmt"/>
      <line num="70" count="6" type="stmt"/>
      <line num="72" count="6" type="stmt"/>
      <line num="74" count="18" type="stmt"/>
      <line num="75" count="3" type="stmt"/>
      <line num="78" count="3" type="stmt"/>
      <line num="82" count="30" type="cond" truecount="4" falsecount="0"/>
      <line num="83" count="3" type="stmt"/>
      <line num="84" count="27" type="cond" truecount="4" falsecount="0"/>
      <line num="85" count="12" type="stmt"/>
      <line num="86" count="12" type="stmt"/>
      <line num="87" count="12" type="stmt"/>
      <line num="89" count="12" type="stmt"/>
      <line num="90" count="11" type="stmt"/>
      <line num="91" count="11" type="stmt"/>
      <line num="95" count="5" type="stmt"/>
      <line num="98" count="9" type="stmt"/>
      <line num="99" count="9" type="stmt"/>
      <line num="102" count="9" type="cond" truecount="2" falsecount="0"/>
      <line num="103" count="5" type="stmt"/>
      <line num="106" count="2" type="stmt"/>
      <line num="110" count="2" type="stmt"/>
      <line num="112" count="1" type="stmt"/>
      <line num="117" count="15" type="stmt"/>
      <line num="118" count="15" type="stmt"/>
      <line num="122" count="6" type="stmt"/>
      <line num="123" count="6" type="stmt"/>
      <line num="124" count="6" type="stmt"/>
      <line num="130" count="9" type="stmt"/>
      <line num="131" count="9" type="stmt"/>
    </file>
  </project>
</coverage>
