{"/Users/aaa/Documents/code/coding/heartmini/lib/index.js": {"path":"/Users/aaa/Documents/code/coding/heartmini/lib/index.js","statementMap":{"0":{"start":{"line":14,"column":4},"end":{"line":20,"column":5}},"1":{"start":{"line":15,"column":18},"end":{"line":17,"column":7}},"2":{"start":{"line":18,"column":6},"end":{"line":18,"column":18}},"3":{"start":{"line":19,"column":6},"end":{"line":19,"column":16}},"4":{"start":{"line":22,"column":4},"end":{"line":26,"column":5}},"5":{"start":{"line":23,"column":18},"end":{"line":23,"column":47}},"6":{"start":{"line":24,"column":6},"end":{"line":24,"column":18}},"7":{"start":{"line":25,"column":6},"end":{"line":25,"column":16}},"8":{"start":{"line":27,"column":4},"end":{"line":35,"column":6}},"9":{"start":{"line":36,"column":4},"end":{"line":36,"column":27}},"10":{"start":{"line":37,"column":4},"end":{"line":37,"column":20}},"11":{"start":{"line":39,"column":4},"end":{"line":39,"column":28}},"12":{"start":{"line":40,"column":4},"end":{"line":40,"column":28}},"13":{"start":{"line":41,"column":4},"end":{"line":41,"column":27}},"14":{"start":{"line":42,"column":4},"end":{"line":42,"column":30}},"15":{"start":{"line":43,"column":4},"end":{"line":43,"column":32}},"16":{"start":{"line":45,"column":4},"end":{"line":45,"column":34}},"17":{"start":{"line":50,"column":4},"end":{"line":71,"column":5}},"18":{"start":{"line":52,"column":6},"end":{"line":52,"column":45}},"19":{"start":{"line":53,"column":6},"end":{"line":53,"column":47}},"20":{"start":{"line":54,"column":6},"end":{"line":54,"column":44}},"21":{"start":{"line":55,"column":6},"end":{"line":55,"column":45}},"22":{"start":{"line":57,"column":6},"end":{"line":64,"column":8}},"23":{"start":{"line":65,"column":6},"end":{"line":65,"column":73}},"24":{"start":{"line":68,"column":6},"end":{"line":70,"column":8}},"25":{"start":{"line":73,"column":4},"end":{"line":73,"column":34}},"26":{"start":{"line":74,"column":4},"end":{"line":74,"column":29}},"27":{"start":{"line":77,"column":4},"end":{"line":80,"column":7}},"28":{"start":{"line":78,"column":6},"end":{"line":78,"column":21}},"29":{"start":{"line":79,"column":6},"end":{"line":79,"column":23}},"30":{"start":{"line":81,"column":4},"end":{"line":84,"column":7}},"31":{"start":{"line":82,"column":6},"end":{"line":82,"column":21}},"32":{"start":{"line":83,"column":6},"end":{"line":83,"column":23}},"33":{"start":{"line":85,"column":4},"end":{"line":90,"column":7}},"34":{"start":{"line":86,"column":6},"end":{"line":86,"column":22}},"35":{"start":{"line":87,"column":6},"end":{"line":87,"column":20}},"36":{"start":{"line":89,"column":6},"end":{"line":89,"column":24}},"37":{"start":{"line":91,"column":4},"end":{"line":96,"column":7}},"38":{"start":{"line":92,"column":6},"end":{"line":92,"column":28}},"39":{"start":{"line":95,"column":6},"end":{"line":95,"column":24}},"40":{"start":{"line":99,"column":4},"end":{"line":100,"column":13}},"41":{"start":{"line":100,"column":6},"end":{"line":100,"column":13}},"42":{"start":{"line":101,"column":4},"end":{"line":101,"column":59}},"43":{"start":{"line":101,"column":52},"end":{"line":101,"column":59}},"44":{"start":{"line":102,"column":4},"end":{"line":102,"column":30}},"45":{"start":{"line":103,"column":4},"end":{"line":103,"column":18}},"46":{"start":{"line":104,"column":4},"end":{"line":104,"column":23}},"47":{"start":{"line":106,"column":4},"end":{"line":109,"column":35}},"48":{"start":{"line":107,"column":6},"end":{"line":107,"column":29}},"49":{"start":{"line":108,"column":6},"end":{"line":108,"column":33}},"50":{"start":{"line":112,"column":4},"end":{"line":112,"column":30}},"51":{"start":{"line":115,"column":4},"end":{"line":115,"column":22}},"52":{"start":{"line":116,"column":4},"end":{"line":116,"column":22}},"53":{"start":{"line":119,"column":4},"end":{"line":119,"column":37}},"54":{"start":{"line":119,"column":30},"end":{"line":119,"column":37}},"55":{"start":{"line":120,"column":4},"end":{"line":131,"column":30}},"56":{"start":{"line":123,"column":6},"end":{"line":125,"column":9}},"57":{"start":{"line":127,"column":6},"end":{"line":130,"column":32}},"58":{"start":{"line":129,"column":8},"end":{"line":129,"column":32}},"59":{"start":{"line":134,"column":4},"end":{"line":134,"column":37}},"60":{"start":{"line":135,"column":4},"end":{"line":135,"column":37}},"61":{"start":{"line":139,"column":4},"end":{"line":139,"column":32}},"62":{"start":{"line":140,"column":4},"end":{"line":140,"column":22}},"63":{"start":{"line":141,"column":4},"end":{"line":141,"column":44}},"64":{"start":{"line":147,"column":2},"end":{"line":152,"column":5}},"65":{"start":{"line":148,"column":4},"end":{"line":151,"column":7}}},"fnMap":{"0":{"name":"(anonymous_0)","decl":{"start":{"line":2,"column":2},"end":{"line":2,"column":3}},"loc":{"start":{"line":13,"column":5},"end":{"line":46,"column":3}},"line":13},"1":{"name":"(anonymous_1)","decl":{"start":{"line":39,"column":19},"end":{"line":39,"column":20}},"loc":{"start":{"line":39,"column":25},"end":{"line":39,"column":27}},"line":39},"2":{"name":"(anonymous_2)","decl":{"start":{"line":40,"column":19},"end":{"line":40,"column":20}},"loc":{"start":{"line":40,"column":25},"end":{"line":40,"column":27}},"line":40},"3":{"name":"(anonymous_3)","decl":{"start":{"line":41,"column":18},"end":{"line":41,"column":19}},"loc":{"start":{"line":41,"column":24},"end":{"line":41,"column":26}},"line":41},"4":{"name":"(anonymous_4)","decl":{"start":{"line":42,"column":21},"end":{"line":42,"column":22}},"loc":{"start":{"line":42,"column":27},"end":{"line":42,"column":29}},"line":42},"5":{"name":"(anonymous_5)","decl":{"start":{"line":43,"column":23},"end":{"line":43,"column":24}},"loc":{"start":{"line":43,"column":29},"end":{"line":43,"column":31}},"line":43},"6":{"name":"(anonymous_6)","decl":{"start":{"line":47,"column":2},"end":{"line":47,"column":3}},"loc":{"start":{"line":47,"column":33},"end":{"line":75,"column":3}},"line":47},"7":{"name":"(anonymous_7)","decl":{"start":{"line":76,"column":2},"end":{"line":76,"column":3}},"loc":{"start":{"line":76,"column":27},"end":{"line":97,"column":3}},"line":76},"8":{"name":"(anonymous_8)","decl":{"start":{"line":77,"column":28},"end":{"line":77,"column":29}},"loc":{"start":{"line":77,"column":34},"end":{"line":80,"column":5}},"line":77},"9":{"name":"(anonymous_9)","decl":{"start":{"line":81,"column":28},"end":{"line":81,"column":29}},"loc":{"start":{"line":81,"column":34},"end":{"line":84,"column":5}},"line":81},"10":{"name":"(anonymous_10)","decl":{"start":{"line":85,"column":27},"end":{"line":85,"column":28}},"loc":{"start":{"line":85,"column":33},"end":{"line":90,"column":5}},"line":85},"11":{"name":"(anonymous_11)","decl":{"start":{"line":91,"column":30},"end":{"line":91,"column":31}},"loc":{"start":{"line":91,"column":39},"end":{"line":96,"column":5}},"line":91},"12":{"name":"(anonymous_12)","decl":{"start":{"line":98,"column":2},"end":{"line":98,"column":3}},"loc":{"start":{"line":98,"column":14},"end":{"line":110,"column":3}},"line":98},"13":{"name":"(anonymous_13)","decl":{"start":{"line":106,"column":15},"end":{"line":106,"column":16}},"loc":{"start":{"line":106,"column":21},"end":{"line":109,"column":5}},"line":106},"14":{"name":"(anonymous_14)","decl":{"start":{"line":111,"column":2},"end":{"line":111,"column":3}},"loc":{"start":{"line":111,"column":12},"end":{"line":113,"column":3}},"line":111},"15":{"name":"(anonymous_15)","decl":{"start":{"line":114,"column":2},"end":{"line":114,"column":3}},"loc":{"start":{"line":114,"column":15},"end":{"line":117,"column":3}},"line":114},"16":{"name":"(anonymous_16)","decl":{"start":{"line":118,"column":2},"end":{"line":118,"column":3}},"loc":{"start":{"line":118,"column":15},"end":{"line":132,"column":3}},"line":118},"17":{"name":"(anonymous_17)","decl":{"start":{"line":120,"column":36},"end":{"line":120,"column":37}},"loc":{"start":{"line":120,"column":42},"end":{"line":131,"column":5}},"line":120},"18":{"name":"(anonymous_18)","decl":{"start":{"line":127,"column":38},"end":{"line":127,"column":39}},"loc":{"start":{"line":127,"column":44},"end":{"line":130,"column":7}},"line":127},"19":{"name":"(anonymous_19)","decl":{"start":{"line":133,"column":2},"end":{"line":133,"column":3}},"loc":{"start":{"line":133,"column":15},"end":{"line":136,"column":3}},"line":133},"20":{"name":"(anonymous_20)","decl":{"start":{"line":137,"column":2},"end":{"line":137,"column":3}},"loc":{"start":{"line":137,"column":26},"end":{"line":142,"column":3}},"line":137},"21":{"name":"(anonymous_21)","decl":{"start":{"line":146,"column":15},"end":{"line":146,"column":16}},"loc":{"start":{"line":146,"column":24},"end":{"line":153,"column":1}},"line":146},"22":{"name":"(anonymous_22)","decl":{"start":{"line":147,"column":21},"end":{"line":147,"column":22}},"loc":{"start":{"line":147,"column":42},"end":{"line":152,"column":3}},"line":147}},"branchMap":{"0":{"loc":{"start":{"line":5,"column":4},"end":{"line":5,"column":23}},"type":"default-arg","locations":[{"start":{"line":5,"column":18},"end":{"line":5,"column":23}}],"line":5},"1":{"loc":{"start":{"line":6,"column":4},"end":{"line":6,"column":23}},"type":"default-arg","locations":[{"start":{"line":6,"column":18},"end":{"line":6,"column":23}}],"line":6},"2":{"loc":{"start":{"line":7,"column":4},"end":{"line":7,"column":27}},"type":"default-arg","locations":[{"start":{"line":7,"column":23},"end":{"line":7,"column":27}}],"line":7},"3":{"loc":{"start":{"line":8,"column":4},"end":{"line":8,"column":25}},"type":"default-arg","locations":[{"start":{"line":8,"column":14},"end":{"line":8,"column":25}}],"line":8},"4":{"loc":{"start":{"line":9,"column":4},"end":{"line":9,"column":22}},"type":"default-arg","locations":[{"start":{"line":9,"column":18},"end":{"line":9,"column":22}}],"line":9},"5":{"loc":{"start":{"line":14,"column":4},"end":{"line":20,"column":5}},"type":"if","locations":[{"start":{"line":14,"column":4},"end":{"line":20,"column":5}},{"start":{"line":14,"column":4},"end":{"line":20,"column":5}}],"line":14},"6":{"loc":{"start":{"line":22,"column":4},"end":{"line":26,"column":5}},"type":"if","locations":[{"start":{"line":22,"column":4},"end":{"line":26,"column":5}},{"start":{"line":22,"column":4},"end":{"line":26,"column":5}}],"line":22},"7":{"loc":{"start":{"line":22,"column":8},"end":{"line":22,"column":56}},"type":"binary-expr","locations":[{"start":{"line":22,"column":8},"end":{"line":22,"column":28}},{"start":{"line":22,"column":32},"end":{"line":22,"column":56}}],"line":22},"8":{"loc":{"start":{"line":50,"column":4},"end":{"line":71,"column":5}},"type":"if","locations":[{"start":{"line":50,"column":4},"end":{"line":71,"column":5}},{"start":{"line":50,"column":4},"end":{"line":71,"column":5}}],"line":50},"9":{"loc":{"start":{"line":74,"column":4},"end":{"line":74,"column":28}},"type":"binary-expr","locations":[{"start":{"line":74,"column":4},"end":{"line":74,"column":11}},{"start":{"line":74,"column":15},"end":{"line":74,"column":28}}],"line":74},"10":{"loc":{"start":{"line":99,"column":4},"end":{"line":100,"column":13}},"type":"if","locations":[{"start":{"line":99,"column":4},"end":{"line":100,"column":13}},{"start":{"line":99,"column":4},"end":{"line":100,"column":13}}],"line":99},"11":{"loc":{"start":{"line":99,"column":8},"end":{"line":99,"column":73}},"type":"binary-expr","locations":[{"start":{"line":99,"column":8},"end":{"line":99,"column":33}},{"start":{"line":99,"column":37},"end":{"line":99,"column":73}}],"line":99},"12":{"loc":{"start":{"line":101,"column":4},"end":{"line":101,"column":59}},"type":"if","locations":[{"start":{"line":101,"column":4},"end":{"line":101,"column":59}},{"start":{"line":101,"column":4},"end":{"line":101,"column":59}}],"line":101},"13":{"loc":{"start":{"line":101,"column":8},"end":{"line":101,"column":50}},"type":"binary-expr","locations":[{"start":{"line":101,"column":8},"end":{"line":101,"column":26}},{"start":{"line":101,"column":30},"end":{"line":101,"column":50}}],"line":101},"14":{"loc":{"start":{"line":119,"column":4},"end":{"line":119,"column":37}},"type":"if","locations":[{"start":{"line":119,"column":4},"end":{"line":119,"column":37}},{"start":{"line":119,"column":4},"end":{"line":119,"column":37}}],"line":119}},"s":{"0":3,"1":0,"2":0,"3":0,"4":3,"5":0,"6":0,"7":0,"8":3,"9":3,"10":3,"11":3,"12":3,"13":3,"14":3,"15":3,"16":3,"17":4,"18":0,"19":0,"20":0,"21":0,"22":0,"23":0,"24":4,"25":4,"26":4,"27":4,"28":3,"29":3,"30":4,"31":0,"32":0,"33":4,"34":4,"35":4,"36":4,"37":4,"38":2,"39":2,"40":3,"41":0,"42":3,"43":2,"44":1,"45":1,"46":1,"47":1,"48":1,"49":1,"50":3,"51":6,"52":6,"53":6,"54":3,"55":3,"56":0,"57":0,"58":0,"59":9,"60":9,"61":3,"62":3,"63":3,"64":3,"65":3},"f":{"0":3,"1":1,"2":0,"3":0,"4":0,"5":0,"6":4,"7":4,"8":3,"9":0,"10":4,"11":2,"12":3,"13":1,"14":3,"15":6,"16":6,"17":0,"18":0,"19":9,"20":3,"21":3,"22":3},"b":{"0":[3],"1":[3],"2":[3],"3":[3],"4":[3],"5":[0,3],"6":[0,3],"7":[3,3],"8":[0,4],"9":[4,3],"10":[0,3],"11":[3,0],"12":[2,1],"13":[3,3],"14":[3,3]},"_coverageSchema":"1a1c01bbd47fc00a2c39e90264f33305004495a9","hash":"43500cc68fc1c2fc308cd95abc3df6e5ae4d4db6"}
}
