{"/Users/aaa/Documents/code/coding/heartmini/lib/index.js": {"path":"/Users/aaa/Documents/code/coding/heartmini/lib/index.js","statementMap":{"0":{"start":{"line":14,"column":4},"end":{"line":20,"column":5}},"1":{"start":{"line":15,"column":18},"end":{"line":17,"column":7}},"2":{"start":{"line":18,"column":6},"end":{"line":18,"column":18}},"3":{"start":{"line":19,"column":6},"end":{"line":19,"column":16}},"4":{"start":{"line":22,"column":4},"end":{"line":26,"column":5}},"5":{"start":{"line":23,"column":18},"end":{"line":23,"column":47}},"6":{"start":{"line":24,"column":6},"end":{"line":24,"column":18}},"7":{"start":{"line":25,"column":6},"end":{"line":25,"column":16}},"8":{"start":{"line":27,"column":4},"end":{"line":35,"column":6}},"9":{"start":{"line":36,"column":4},"end":{"line":36,"column":27}},"10":{"start":{"line":37,"column":4},"end":{"line":37,"column":20}},"11":{"start":{"line":39,"column":4},"end":{"line":39,"column":28}},"12":{"start":{"line":40,"column":4},"end":{"line":40,"column":28}},"13":{"start":{"line":41,"column":4},"end":{"line":41,"column":27}},"14":{"start":{"line":42,"column":4},"end":{"line":42,"column":30}},"15":{"start":{"line":43,"column":4},"end":{"line":43,"column":32}},"16":{"start":{"line":45,"column":4},"end":{"line":45,"column":34}},"17":{"start":{"line":52,"column":4},"end":{"line":54,"column":6}},"18":{"start":{"line":56,"column":4},"end":{"line":56,"column":34}},"19":{"start":{"line":57,"column":4},"end":{"line":57,"column":29}},"20":{"start":{"line":60,"column":4},"end":{"line":63,"column":7}},"21":{"start":{"line":61,"column":6},"end":{"line":61,"column":21}},"22":{"start":{"line":62,"column":6},"end":{"line":62,"column":23}},"23":{"start":{"line":64,"column":4},"end":{"line":67,"column":7}},"24":{"start":{"line":65,"column":6},"end":{"line":65,"column":21}},"25":{"start":{"line":66,"column":6},"end":{"line":66,"column":23}},"26":{"start":{"line":68,"column":4},"end":{"line":73,"column":7}},"27":{"start":{"line":69,"column":6},"end":{"line":69,"column":22}},"28":{"start":{"line":70,"column":6},"end":{"line":70,"column":20}},"29":{"start":{"line":72,"column":6},"end":{"line":72,"column":24}},"30":{"start":{"line":74,"column":4},"end":{"line":79,"column":7}},"31":{"start":{"line":75,"column":6},"end":{"line":75,"column":28}},"32":{"start":{"line":78,"column":6},"end":{"line":78,"column":24}},"33":{"start":{"line":82,"column":4},"end":{"line":83,"column":13}},"34":{"start":{"line":83,"column":6},"end":{"line":83,"column":13}},"35":{"start":{"line":84,"column":4},"end":{"line":84,"column":59}},"36":{"start":{"line":84,"column":52},"end":{"line":84,"column":59}},"37":{"start":{"line":85,"column":4},"end":{"line":85,"column":30}},"38":{"start":{"line":86,"column":4},"end":{"line":86,"column":18}},"39":{"start":{"line":87,"column":4},"end":{"line":87,"column":23}},"40":{"start":{"line":89,"column":4},"end":{"line":92,"column":35}},"41":{"start":{"line":90,"column":6},"end":{"line":90,"column":29}},"42":{"start":{"line":91,"column":6},"end":{"line":91,"column":33}},"43":{"start":{"line":95,"column":4},"end":{"line":95,"column":30}},"44":{"start":{"line":98,"column":4},"end":{"line":98,"column":22}},"45":{"start":{"line":99,"column":4},"end":{"line":99,"column":22}},"46":{"start":{"line":102,"column":4},"end":{"line":102,"column":37}},"47":{"start":{"line":102,"column":30},"end":{"line":102,"column":37}},"48":{"start":{"line":103,"column":4},"end":{"line":114,"column":30}},"49":{"start":{"line":106,"column":6},"end":{"line":108,"column":9}},"50":{"start":{"line":110,"column":6},"end":{"line":113,"column":32}},"51":{"start":{"line":112,"column":8},"end":{"line":112,"column":32}},"52":{"start":{"line":117,"column":4},"end":{"line":117,"column":37}},"53":{"start":{"line":118,"column":4},"end":{"line":118,"column":37}},"54":{"start":{"line":122,"column":4},"end":{"line":122,"column":32}},"55":{"start":{"line":123,"column":4},"end":{"line":123,"column":22}},"56":{"start":{"line":124,"column":4},"end":{"line":124,"column":45}},"57":{"start":{"line":130,"column":2},"end":{"line":135,"column":5}},"58":{"start":{"line":131,"column":4},"end":{"line":134,"column":7}}},"fnMap":{"0":{"name":"(anonymous_0)","decl":{"start":{"line":2,"column":2},"end":{"line":2,"column":3}},"loc":{"start":{"line":13,"column":5},"end":{"line":46,"column":3}},"line":13},"1":{"name":"(anonymous_1)","decl":{"start":{"line":39,"column":19},"end":{"line":39,"column":20}},"loc":{"start":{"line":39,"column":25},"end":{"line":39,"column":27}},"line":39},"2":{"name":"(anonymous_2)","decl":{"start":{"line":40,"column":19},"end":{"line":40,"column":20}},"loc":{"start":{"line":40,"column":25},"end":{"line":40,"column":27}},"line":40},"3":{"name":"(anonymous_3)","decl":{"start":{"line":41,"column":18},"end":{"line":41,"column":19}},"loc":{"start":{"line":41,"column":24},"end":{"line":41,"column":26}},"line":41},"4":{"name":"(anonymous_4)","decl":{"start":{"line":42,"column":21},"end":{"line":42,"column":22}},"loc":{"start":{"line":42,"column":27},"end":{"line":42,"column":29}},"line":42},"5":{"name":"(anonymous_5)","decl":{"start":{"line":43,"column":23},"end":{"line":43,"column":24}},"loc":{"start":{"line":43,"column":29},"end":{"line":43,"column":31}},"line":43},"6":{"name":"(anonymous_6)","decl":{"start":{"line":47,"column":2},"end":{"line":47,"column":3}},"loc":{"start":{"line":47,"column":33},"end":{"line":58,"column":3}},"line":47},"7":{"name":"(anonymous_7)","decl":{"start":{"line":59,"column":2},"end":{"line":59,"column":3}},"loc":{"start":{"line":59,"column":27},"end":{"line":80,"column":3}},"line":59},"8":{"name":"(anonymous_8)","decl":{"start":{"line":60,"column":28},"end":{"line":60,"column":29}},"loc":{"start":{"line":60,"column":34},"end":{"line":63,"column":5}},"line":60},"9":{"name":"(anonymous_9)","decl":{"start":{"line":64,"column":28},"end":{"line":64,"column":29}},"loc":{"start":{"line":64,"column":34},"end":{"line":67,"column":5}},"line":64},"10":{"name":"(anonymous_10)","decl":{"start":{"line":68,"column":27},"end":{"line":68,"column":28}},"loc":{"start":{"line":68,"column":33},"end":{"line":73,"column":5}},"line":68},"11":{"name":"(anonymous_11)","decl":{"start":{"line":74,"column":30},"end":{"line":74,"column":31}},"loc":{"start":{"line":74,"column":39},"end":{"line":79,"column":5}},"line":74},"12":{"name":"(anonymous_12)","decl":{"start":{"line":81,"column":2},"end":{"line":81,"column":3}},"loc":{"start":{"line":81,"column":14},"end":{"line":93,"column":3}},"line":81},"13":{"name":"(anonymous_13)","decl":{"start":{"line":89,"column":15},"end":{"line":89,"column":16}},"loc":{"start":{"line":89,"column":21},"end":{"line":92,"column":5}},"line":89},"14":{"name":"(anonymous_14)","decl":{"start":{"line":94,"column":2},"end":{"line":94,"column":3}},"loc":{"start":{"line":94,"column":12},"end":{"line":96,"column":3}},"line":94},"15":{"name":"(anonymous_15)","decl":{"start":{"line":97,"column":2},"end":{"line":97,"column":3}},"loc":{"start":{"line":97,"column":15},"end":{"line":100,"column":3}},"line":97},"16":{"name":"(anonymous_16)","decl":{"start":{"line":101,"column":2},"end":{"line":101,"column":3}},"loc":{"start":{"line":101,"column":15},"end":{"line":115,"column":3}},"line":101},"17":{"name":"(anonymous_17)","decl":{"start":{"line":103,"column":36},"end":{"line":103,"column":37}},"loc":{"start":{"line":103,"column":42},"end":{"line":114,"column":5}},"line":103},"18":{"name":"(anonymous_18)","decl":{"start":{"line":110,"column":38},"end":{"line":110,"column":39}},"loc":{"start":{"line":110,"column":44},"end":{"line":113,"column":7}},"line":110},"19":{"name":"(anonymous_19)","decl":{"start":{"line":116,"column":2},"end":{"line":116,"column":3}},"loc":{"start":{"line":116,"column":15},"end":{"line":119,"column":3}},"line":116},"20":{"name":"(anonymous_20)","decl":{"start":{"line":120,"column":2},"end":{"line":120,"column":3}},"loc":{"start":{"line":120,"column":27},"end":{"line":125,"column":3}},"line":120},"21":{"name":"(anonymous_21)","decl":{"start":{"line":129,"column":15},"end":{"line":129,"column":16}},"loc":{"start":{"line":129,"column":24},"end":{"line":136,"column":1}},"line":129},"22":{"name":"(anonymous_22)","decl":{"start":{"line":130,"column":21},"end":{"line":130,"column":22}},"loc":{"start":{"line":130,"column":42},"end":{"line":135,"column":3}},"line":130}},"branchMap":{"0":{"loc":{"start":{"line":5,"column":4},"end":{"line":5,"column":23}},"type":"default-arg","locations":[{"start":{"line":5,"column":18},"end":{"line":5,"column":23}}],"line":5},"1":{"loc":{"start":{"line":6,"column":4},"end":{"line":6,"column":23}},"type":"default-arg","locations":[{"start":{"line":6,"column":18},"end":{"line":6,"column":23}}],"line":6},"2":{"loc":{"start":{"line":7,"column":4},"end":{"line":7,"column":27}},"type":"default-arg","locations":[{"start":{"line":7,"column":23},"end":{"line":7,"column":27}}],"line":7},"3":{"loc":{"start":{"line":8,"column":4},"end":{"line":8,"column":25}},"type":"default-arg","locations":[{"start":{"line":8,"column":14},"end":{"line":8,"column":25}}],"line":8},"4":{"loc":{"start":{"line":9,"column":4},"end":{"line":9,"column":22}},"type":"default-arg","locations":[{"start":{"line":9,"column":18},"end":{"line":9,"column":22}}],"line":9},"5":{"loc":{"start":{"line":14,"column":4},"end":{"line":20,"column":5}},"type":"if","locations":[{"start":{"line":14,"column":4},"end":{"line":20,"column":5}},{"start":{"line":14,"column":4},"end":{"line":20,"column":5}}],"line":14},"6":{"loc":{"start":{"line":22,"column":4},"end":{"line":26,"column":5}},"type":"if","locations":[{"start":{"line":22,"column":4},"end":{"line":26,"column":5}},{"start":{"line":22,"column":4},"end":{"line":26,"column":5}}],"line":22},"7":{"loc":{"start":{"line":22,"column":8},"end":{"line":22,"column":56}},"type":"binary-expr","locations":[{"start":{"line":22,"column":8},"end":{"line":22,"column":28}},{"start":{"line":22,"column":32},"end":{"line":22,"column":56}}],"line":22},"8":{"loc":{"start":{"line":57,"column":4},"end":{"line":57,"column":28}},"type":"binary-expr","locations":[{"start":{"line":57,"column":4},"end":{"line":57,"column":11}},{"start":{"line":57,"column":15},"end":{"line":57,"column":28}}],"line":57},"9":{"loc":{"start":{"line":82,"column":4},"end":{"line":83,"column":13}},"type":"if","locations":[{"start":{"line":82,"column":4},"end":{"line":83,"column":13}},{"start":{"line":82,"column":4},"end":{"line":83,"column":13}}],"line":82},"10":{"loc":{"start":{"line":82,"column":8},"end":{"line":82,"column":73}},"type":"binary-expr","locations":[{"start":{"line":82,"column":8},"end":{"line":82,"column":33}},{"start":{"line":82,"column":37},"end":{"line":82,"column":73}}],"line":82},"11":{"loc":{"start":{"line":84,"column":4},"end":{"line":84,"column":59}},"type":"if","locations":[{"start":{"line":84,"column":4},"end":{"line":84,"column":59}},{"start":{"line":84,"column":4},"end":{"line":84,"column":59}}],"line":84},"12":{"loc":{"start":{"line":84,"column":8},"end":{"line":84,"column":50}},"type":"binary-expr","locations":[{"start":{"line":84,"column":8},"end":{"line":84,"column":26}},{"start":{"line":84,"column":30},"end":{"line":84,"column":50}}],"line":84},"13":{"loc":{"start":{"line":102,"column":4},"end":{"line":102,"column":37}},"type":"if","locations":[{"start":{"line":102,"column":4},"end":{"line":102,"column":37}},{"start":{"line":102,"column":4},"end":{"line":102,"column":37}}],"line":102}},"s":{"0":9,"1":1,"2":1,"3":1,"4":8,"5":1,"6":1,"7":1,"8":7,"9":7,"10":7,"11":7,"12":7,"13":7,"14":7,"15":7,"16":7,"17":18,"18":18,"19":18,"20":18,"21":18,"22":18,"23":18,"24":12,"25":12,"26":18,"27":6,"28":6,"29":6,"30":18,"31":3,"32":3,"33":30,"34":3,"35":27,"36":15,"37":12,"38":12,"39":12,"40":12,"41":11,"42":11,"43":5,"44":9,"45":9,"46":9,"47":4,"48":5,"49":2,"50":2,"51":1,"52":15,"53":15,"54":6,"55":6,"56":6,"57":9,"58":9},"f":{"0":9,"1":15,"2":12,"3":2,"4":0,"5":0,"6":18,"7":18,"8":18,"9":12,"10":6,"11":3,"12":30,"13":11,"14":5,"15":9,"16":9,"17":2,"18":1,"19":15,"20":6,"21":9,"22":9},"b":{"0":[7],"1":[8],"2":[8],"3":[8],"4":[8],"5":[1,8],"6":[1,7],"7":[8,8],"8":[18,7],"9":[3,27],"10":[30,10],"11":[15,12],"12":[27,18],"13":[4,5]},"_coverageSchema":"1a1c01bbd47fc00a2c39e90264f33305004495a9","hash":"744dafdce6c1b5b9fb29e5c68bf4c821463890be"}
}
