TN:
SF:lib/index.js
FN:2,(anonymous_0)
FN:39,(anonymous_1)
FN:40,(anonymous_2)
FN:41,(anonymous_3)
FN:42,(anonymous_4)
FN:43,(anonymous_5)
FN:47,(anonymous_6)
FN:76,(anonymous_7)
FN:77,(anonymous_8)
FN:81,(anonymous_9)
FN:85,(anonymous_10)
FN:91,(anonymous_11)
FN:98,(anonymous_12)
FN:106,(anonymous_13)
FN:111,(anonymous_14)
FN:114,(anonymous_15)
FN:118,(anonymous_16)
FN:120,(anonymous_17)
FN:127,(anonymous_18)
FN:133,(anonymous_19)
FN:137,(anonymous_20)
FN:146,(anonymous_21)
FN:147,(anonymous_22)
FNF:23
FNH:21
FNDA:9,(anonymous_0)
FNDA:15,(anonymous_1)
FNDA:12,(anonymous_2)
FNDA:2,(anonymous_3)
FNDA:0,(anonymous_4)
FNDA:0,(anonymous_5)
FNDA:18,(anonymous_6)
FNDA:18,(anonymous_7)
FNDA:18,(anonymous_8)
FNDA:12,(anonymous_9)
FNDA:6,(anonymous_10)
FNDA:3,(anonymous_11)
FNDA:30,(anonymous_12)
FNDA:11,(anonymous_13)
FNDA:5,(anonymous_14)
FNDA:9,(anonymous_15)
FNDA:9,(anonymous_16)
FNDA:2,(anonymous_17)
FNDA:1,(anonymous_18)
FNDA:15,(anonymous_19)
FNDA:6,(anonymous_20)
FNDA:9,(anonymous_21)
FNDA:9,(anonymous_22)
DA:14,9
DA:15,1
DA:18,1
DA:19,1
DA:22,8
DA:23,1
DA:24,1
DA:25,1
DA:27,7
DA:36,7
DA:37,7
DA:39,7
DA:40,7
DA:41,7
DA:42,7
DA:43,7
DA:45,7
DA:50,18
DA:52,0
DA:53,0
DA:54,0
DA:55,0
DA:57,0
DA:65,0
DA:68,18
DA:73,18
DA:74,18
DA:77,18
DA:78,18
DA:79,18
DA:81,18
DA:82,12
DA:83,12
DA:85,18
DA:86,6
DA:87,6
DA:89,6
DA:91,18
DA:92,3
DA:95,3
DA:99,30
DA:100,3
DA:101,27
DA:102,12
DA:103,12
DA:104,12
DA:106,12
DA:107,11
DA:108,11
DA:112,5
DA:115,9
DA:116,9
DA:119,9
DA:120,5
DA:123,2
DA:127,2
DA:129,1
DA:134,15
DA:135,15
DA:139,6
DA:140,6
DA:141,6
DA:147,9
DA:148,9
LF:64
LH:58
BRDA:5,0,0,7
BRDA:6,1,0,8
BRDA:7,2,0,8
BRDA:8,3,0,8
BRDA:9,4,0,8
BRDA:14,5,0,1
BRDA:14,5,1,8
BRDA:22,6,0,1
BRDA:22,6,1,7
BRDA:22,7,0,8
BRDA:22,7,1,8
BRDA:50,8,0,0
BRDA:50,8,1,18
BRDA:74,9,0,18
BRDA:74,9,1,7
BRDA:99,10,0,3
BRDA:99,10,1,27
BRDA:99,11,0,30
BRDA:99,11,1,10
BRDA:101,12,0,15
BRDA:101,12,1,12
BRDA:101,13,0,27
BRDA:101,13,1,18
BRDA:119,14,0,4
BRDA:119,14,1,5
BRF:25
BRH:24
end_of_record
