TN:
SF:lib/index.js
FN:2,(anonymous_0)
FN:39,(anonymous_1)
FN:40,(anonymous_2)
FN:41,(anonymous_3)
FN:42,(anonymous_4)
FN:43,(anonymous_5)
FN:47,(anonymous_6)
FN:59,(anonymous_7)
FN:60,(anonymous_8)
FN:64,(anonymous_9)
FN:68,(anonymous_10)
FN:74,(anonymous_11)
FN:81,(anonymous_12)
FN:89,(anonymous_13)
FN:94,(anonymous_14)
FN:97,(anonymous_15)
FN:101,(anonymous_16)
FN:103,(anonymous_17)
FN:110,(anonymous_18)
FN:116,(anonymous_19)
FN:120,(anonymous_20)
FN:129,(anonymous_21)
FN:130,(anonymous_22)
FNF:23
FNH:21
FNDA:9,(anonymous_0)
FNDA:15,(anonymous_1)
FNDA:12,(anonymous_2)
FNDA:2,(anonymous_3)
FNDA:0,(anonymous_4)
FNDA:0,(anonymous_5)
FNDA:18,(anonymous_6)
FNDA:18,(anonymous_7)
FNDA:18,(anonymous_8)
FNDA:12,(anonymous_9)
FNDA:6,(anonymous_10)
FNDA:3,(anonymous_11)
FNDA:30,(anonymous_12)
FNDA:11,(anonymous_13)
FNDA:5,(anonymous_14)
FNDA:9,(anonymous_15)
FNDA:9,(anonymous_16)
FNDA:2,(anonymous_17)
FNDA:1,(anonymous_18)
FNDA:15,(anonymous_19)
FNDA:6,(anonymous_20)
FNDA:9,(anonymous_21)
FNDA:9,(anonymous_22)
DA:14,9
DA:15,1
DA:18,1
DA:19,1
DA:22,8
DA:23,1
DA:24,1
DA:25,1
DA:27,7
DA:36,7
DA:37,7
DA:39,7
DA:40,7
DA:41,7
DA:42,7
DA:43,7
DA:45,7
DA:52,18
DA:56,18
DA:57,18
DA:60,18
DA:61,18
DA:62,18
DA:64,18
DA:65,12
DA:66,12
DA:68,18
DA:69,6
DA:70,6
DA:72,6
DA:74,18
DA:75,3
DA:78,3
DA:82,30
DA:83,3
DA:84,27
DA:85,12
DA:86,12
DA:87,12
DA:89,12
DA:90,11
DA:91,11
DA:95,5
DA:98,9
DA:99,9
DA:102,9
DA:103,5
DA:106,2
DA:110,2
DA:112,1
DA:117,15
DA:118,15
DA:122,6
DA:123,6
DA:124,6
DA:130,9
DA:131,9
LF:57
LH:57
BRDA:5,0,0,7
BRDA:6,1,0,8
BRDA:7,2,0,8
BRDA:8,3,0,8
BRDA:9,4,0,8
BRDA:14,5,0,1
BRDA:14,5,1,8
BRDA:22,6,0,1
BRDA:22,6,1,7
BRDA:22,7,0,8
BRDA:22,7,1,8
BRDA:57,8,0,18
BRDA:57,8,1,7
BRDA:82,9,0,3
BRDA:82,9,1,27
BRDA:82,10,0,30
BRDA:82,10,1,10
BRDA:84,11,0,15
BRDA:84,11,1,12
BRDA:84,12,0,27
BRDA:84,12,1,18
BRDA:102,13,0,4
BRDA:102,13,1,5
BRF:23
BRH:23
end_of_record
